<?xml version="1.0" encoding="UTF-8"?>
<!-- Generated by org.testng.reporters.JUnitReportReporter -->
<testsuite hostname="Sreejiths-MacBook-Air.local" failures="0" tests="1" name="TestCases.QAlegendTeamMemberTest" time="39.757" errors="0" timestamp="2025-04-28T22:08:34 IST" skipped="0">
  <testcase classname="TestCases.QAlegendTeamMemberTest" name="deleteTeamMember" time="39.757"/>
</testsuite> <!-- TestCases.QAlegendTeamMemberTest -->
