<?xml version="1.0" encoding="UTF-8"?>
<!-- Generated by org.testng.reporters.JUnitReportReporter -->
<testsuite hostname="Sreejiths-MacBook-Air.local" failures="0" tests="4" name="TestCases.QALegendClientTest" time="28.579" errors="0" timestamp="2025-05-06T19:04:12 IST" skipped="1">
  <testcase classname="TestCases.QALegendClientTest" name="addClient" time="6.571"/>
  <testcase classname="TestCases.QALegendClientTest" name="editClient" time="9.141"/>
  <testcase classname="TestCases.QALegendClientTest" name="deleteClient" time="6.977"/>
  <testcase classname="TestCases.QALegendClientTest" name="deleteClient" time="5.890">
    <skipped/>
  </testcase> <!-- deleteClient -->
</testsuite> <!-- TestCases.QALegendClientTest -->
