<?xml version="1.0" encoding="UTF-8"?>
<!-- Generated by org.testng.reporters.JUnitReportReporter -->
<testsuite hostname="Sreejiths-MacBook-Air.local" failures="0" tests="1" name="TestCases.QALegendLeaveTest" time="13.305" errors="0" timestamp="2025-05-06T18:54:05 IST" skipped="0">
  <testcase classname="TestCases.QALegendLeaveTest" name="deleteappliedLeave" time="13.305"/>
</testsuite> <!-- TestCases.QALegendLeaveTest -->
