<?xml version="1.0" encoding="UTF-8"?>
<!-- Generated by org.testng.reporters.JUnitReportReporter -->
<testsuite hostname="Sreejiths-MacBook-Air.local" failures="0" tests="1" name="TestCases.QAlegendTeamMemberTest" time="11.597" errors="0" timestamp="2025-05-06T18:36:10 IST" skipped="0">
  <testcase classname="TestCases.QAlegendTeamMemberTest" name="deleteTeamMember" time="11.597"/>
</testsuite> <!-- TestCases.QAlegendTeamMemberTest -->
