<?xml version="1.0" encoding="UTF-8"?>
<!-- Generated by org.testng.reporters.JUnitReportReporter -->
<testsuite hostname="Sreejiths-MacBook-Air.local" failures="0" tests="1" name="TestCases.QALegendClientTest" time="20.509" errors="0" timestamp="2025-05-12T13:32:03 IST" skipped="0">
  <testcase classname="TestCases.QALegendClientTest" name="addClient" time="20.509"/>
</testsuite> <!-- TestCases.QALegendClientTest -->
