<?xml version="1.0" encoding="UTF-8"?>
<!-- Generated by org.testng.reporters.JUnitReportReporter -->
<testsuite hostname="Sreejiths-MacBook-Air.local" failures="0" tests="1" name="TestCases.QALegendLeaveTest" time="20.172" errors="0" timestamp="2025-04-29T13:29:36 IST" skipped="0">
  <testcase classname="TestCases.QALegendLeaveTest" name="cancelLeave" time="20.172"/>
</testsuite> <!-- TestCases.QALegendLeaveTest -->
